#
# A fatal error has been detected by the Java Runtime Environment:
#
#  SIGSEGV (0xb) at pc=0x00007f09c3ebe0ad, pid=60510, tid=69888
#
# JRE version: OpenJDK Runtime Environment (11.0.6+10) (build 11.0.6+10-post-Ubuntu-1ubuntu119.10.1)
# Java VM: OpenJDK 64-Bit Server VM (11.0.6+10-post-Ubuntu-1ubuntu119.10.1, mixed mode, sharing, tiered, compressed oops, serial gc, linux-amd64)
# Problematic frame:
# C  [libjimage.so+0x30ad]
#
# Core dump will be written. Default location: Core dumps may be processed with "/usr/share/apport/apport %p %s %c %d %P %E" (or dumping to /home/zjc4/ece651-spr20-g3-risc/risc/client/core.60510)
#
# If you would like to submit a bug report, please visit:
#   https://bugs.launchpad.net/ubuntu/+source/openjdk-lts
#

---------------  S U M M A R Y ------------

Command Line: -Dfile.encoding=UTF-8 -Duser.country=US -Duser.language=en -Duser.variant edu.duke.ece651.client.App

Host: Intel(R) Xeon(R) Gold 6140 CPU @ 2.30GHz, 2 cores, 1G, Ubuntu 19.10
Time: Tue Apr  7 06:36:30 2020 EDT elapsed time: 769 seconds (0d 0h 12m 49s)

---------------  T H R E A D  ---------------

Current thread (0x00007f097c01a800):  JavaThread "XToolkt-Shutdown-Thread" [_thread_in_vm, id=69888, stack(0x00007f09bbeff000,0x00007f09bc000000)]

Stack: [0x00007f09bbeff000,0x00007f09bc000000],  sp=0x00007f09bbffcfd0,  free space=1015k
Native frames: (J=compiled Java code, A=aot compiled Java code, j=interpreted, Vv=VM code, C=native code)
C  [libjimage.so+0x30ad]
C  [libjimage.so+0x3da2]
C  [libjimage.so+0x42b1]  JIMAGE_FindResource+0xf1
V  [libjvm.so+0x57e251]
V  [libjvm.so+0x580a01]
V  [libjvm.so+0xceb60d]
V  [libjvm.so+0xcea19a]
V  [libjvm.so+0xcec75b]
V  [libjvm.so+0x62dcfa]
V  [libjvm.so+0xa1018a]
V  [libjvm.so+0xa16e1b]
V  [libjvm.so+0x81b0d3]
V  [libjvm.so+0x81b741]
j  sun.awt.X11.XToolkit.lambda$init$0()V+0 java.desktop@11.0.6
j  sun.awt.X11.XToolkit$$Lambda$20.run()V+4 java.desktop@11.0.6
j  java.lang.Thread.run()V+11 java.base@11.0.6
v  ~StubRoutines::call_stub
V  [libjvm.so+0x8218b9]
V  [libjvm.so+0x81ff0e]
V  [libjvm.so+0x8cce01]
V  [libjvm.so+0xd2383f]
V  [libjvm.so+0xd23c20]
V  [libjvm.so+0xd1e888]
V  [libjvm.so+0xb8eef6]

Java frames: (J=compiled Java code, j=interpreted, Vv=VM code)
j  sun.awt.X11.XToolkit.lambda$init$0()V+0 java.desktop@11.0.6
j  sun.awt.X11.XToolkit$$Lambda$20.run()V+4 java.desktop@11.0.6
j  java.lang.Thread.run()V+11 java.base@11.0.6
v  ~StubRoutines::call_stub

siginfo: si_signo: 11 (SIGSEGV), si_code: 1 (SEGV_MAPERR), si_addr: 0x00007f09b3926f28

Register to memory mapping:

RAX=0x0000000000005bc3 is an unknown value
RBX=0x00007f09bbffd081 is pointing into the stack for thread: 0x00007f097c01a800
RCX=0x00007f09bbffd0a4 is pointing into the stack for thread: 0x00007f097c01a800
RDX=0x0000000000005bc3 is an unknown value
RSP=0x00007f09bbffcfd0 is pointing into the stack for thread: 0x00007f097c01a800
RBP=0x00007f09bbffcff0 is pointing into the stack for thread: 0x00007f097c01a800
RSI=0x0 is NULL
RDI=0x00007f09c3ec3130: <offset 0x0000000000008130> in /usr/lib/jvm/java-11-openjdk-amd64/lib/libjimage.so at 0x00007f09c3ebb000
R8 =0x00007f09b391001c is an unknown value
R9 =0x2f7477612f6e7573 is an unknown value
R10=0x737953582f313158 is an unknown value
R11=0x50796172546d6574 is an unknown value
R12=0x00000000000083a0 is an unknown value
R13=0x00007f09bbffd080 is pointing into the stack for thread: 0x00007f097c01a800
R14=0x0 is NULL
R15=0x00007f0988270210 points into unknown readable memory: 73 75 6e 2f 61 77 74 2f


Registers:
RAX=0x0000000000005bc3, RBX=0x00007f09bbffd081, RCX=0x00007f09bbffd0a4, RDX=0x0000000000005bc3
RSP=0x00007f09bbffcfd0, RBP=0x00007f09bbffcff0, RSI=0x0000000000000000, RDI=0x00007f09c3ec3130
R8 =0x00007f09b391001c, R9 =0x2f7477612f6e7573, R10=0x737953582f313158, R11=0x50796172546d6574
R12=0x00000000000083a0, R13=0x00007f09bbffd080, R14=0x0000000000000000, R15=0x00007f0988270210
RIP=0x00007f09c3ebe0ad, EFLAGS=0x0000000000010246, CSGSFS=0x002b000000000033, ERR=0x0000000000000004
  TRAPNO=0x000000000000000e

Top of Stack: (sp=0x00007f09bbffcfd0)
0x00007f09bbffcfd0:   0000000000000000 00007f09bbffe118
0x00007f09bbffcfe0:   00007f09bc022190 00007f09bbffd080
0x00007f09bbffcff0:   00007f09bbffd060 00007f09c3ebeda2
0x00007f09bbffd000:   0000000000000000 0000000000000000 

Instructions: (pc=0x00007f09c3ebe0ad)
0x00007f09c3ebdfad:   f3 ff ff 44 03 65 90 e9 3f fe ff ff 0f 1f 80 00
0x00007f09c3ebdfbd:   00 00 00 41 8b 10 41 89 55 00 41 8b 54 00 fc 41
0x00007f09c3ebdfcd:   89 54 05 fc e9 82 fc ff ff 66 2e 0f 1f 84 00 00
0x00007f09c3ebdfdd:   00 00 00 b9 0a 00 00 00 e9 f0 fc ff ff 41 0f b7
0x00007f09c3ebdfed:   54 00 fe 66 41 89 54 05 fe e9 5d fc ff ff 0f 1f
0x00007f09c3ebdffd:   44 00 00 f3 0f 1e fa 0f b6 17 89 f0 89 f1 4c 8d
0x00007f09c3ebe00d:   47 01 84 d2 74 1c 0f 1f 44 00 00 69 c9 93 01 00
0x00007f09c3ebe01d:   01 49 83 c0 01 31 d1 41 0f b6 50 ff 84 d2 75 eb
0x00007f09c3ebe02d:   89 c8 25 ff ff ff 7f c3 90 66 2e 0f 1f 84 00 00
0x00007f09c3ebe03d:   00 00 00 f3 0f 1e fa 48 85 d2 0f 84 da 00 00 00
0x00007f09c3ebe04d:   55 48 89 e5 41 55 41 54 41 89 cc 53 48 83 ec 08
0x00007f09c3ebe05d:   85 c9 0f 84 ba 00 00 00 49 89 f5 48 8d 5e 01 0f
0x00007f09c3ebe06d:   b6 36 49 89 d0 40 84 f6 0f 84 9d 00 00 00 48 89
0x00007f09c3ebe07d:   d9 b8 93 01 00 01 0f 1f 44 00 00 69 d0 93 01 00
0x00007f09c3ebe08d:   01 48 83 c1 01 40 0f b6 c6 0f b6 71 ff 31 d0 40
0x00007f09c3ebe09d:   84 f6 75 e7 25 ff ff ff 7f 31 d2 41 f7 f4 89 d0
0x00007f09c3ebe0ad:   41 8b 34 80 48 8b 07 ff 50 20 85 c0 7f 15 74 62
0x00007f09c3ebe0bd:   f7 d0 41 89 c0 48 83 c4 08 44 89 c0 5b 41 5c 41
0x00007f09c3ebe0cd:   5d 5d c3 41 0f b6 4d 00 89 c6 84 c9 74 1b 0f 1f
0x00007f09c3ebe0dd:   44 00 00 69 f6 93 01 00 01 48 83 c3 01 31 ce 0f
0x00007f09c3ebe0ed:   b6 4b ff 84 c9 75 ec 89 f0 25 ff ff ff 7f 31 d2
0x00007f09c3ebe0fd:   48 83 c4 08 41 f7 f4 5b 41 5c 41 5d 5d 41 89 d0
0x00007f09c3ebe10d:   44 89 c0 c3 0f 1f 80 00 00 00 00 b8 93 01 00 01
0x00007f09c3ebe11d:   eb 87 41 b8 ff ff ff ff eb 9b 41 83 c8 ff 44 89
0x00007f09c3ebe12d:   c0 c3 90 f3 0f 1e fa eb 1d 66 2e 0f 1f 84 00 00
0x00007f09c3ebe13d:   00 00 00 0f b6 16 84 d2 74 13 38 c2 75 15 48 83
0x00007f09c3ebe14d:   c7 01 48 83 c6 01 0f b6 07 84 c0 75 e6 48 89 f8
0x00007f09c3ebe15d:   c3 66 90 31 c0 c3 90 66 66 2e 0f 1f 84 00 00 00
0x00007f09c3ebe16d:   00 00 90 f3 0f 1e fa 48 85 f6 74 51 0f b6 06 84
0x00007f09c3ebe17d:   c0 74 4a 0f b6 d0 83 e0 07 c1 fa 03 44 8d 50 01
0x00007f09c3ebe18d:   0f b6 c0 41 89 d1 4c 8d 44 06 02 48 8d 56 01 31
0x00007f09c3ebe19d:   c0 66 90 0f b6 0a 48 c1 e0 08 48 83 c2 01 48 09 


Stack slot to memory mapping:
stack at sp + 0 slots: 0x0 is NULL
stack at sp + 1 slots: 0x00007f09bbffe118 is pointing into the stack for thread: 0x00007f097c01a800
stack at sp + 2 slots: 0x00007f09bc022190 points into unknown readable memory: 10 4e 24 73 c1 55 00 00
stack at sp + 3 slots: 0x00007f09bbffd080 is pointing into the stack for thread: 0x00007f097c01a800
stack at sp + 4 slots: 0x00007f09bbffd060 is pointing into the stack for thread: 0x00007f097c01a800
stack at sp + 5 slots: 0x00007f09c3ebeda2: <offset 0x0000000000003da2> in /usr/lib/jvm/java-11-openjdk-amd64/lib/libjimage.so at 0x00007f09c3ebb000
stack at sp + 6 slots: 0x0 is NULL
stack at sp + 7 slots: 0x0 is NULL


---------------  P R O C E S S  ---------------

Threads class SMR info:
_java_thread_list=0x00007f0990005830, length=17, elements={
0x00007f09bc050800, 0x00007f09bc052800, 0x00007f09bc058800, 0x00007f09bc05a800,
0x00007f09bc05c800, 0x00007f09bc05e800, 0x00007f09bc099800, 0x00007f09bc0a2800,
0x00007f09bc1d7000, 0x00007f09bc205000, 0x00007f09bc27b800, 0x00007f09bc27f800,
0x00007f09bc015000, 0x00007f0990001000, 0x00007f0990002800, 0x00007f097c01a800,
0x00007f0990004000
}

Java Threads: ( => current thread )
  0x00007f09bc050800 JavaThread "Reference Handler" daemon [_thread_blocked, id=60514, stack(0x00007f09c301e000,0x00007f09c311f000)]
  0x00007f09bc052800 JavaThread "Finalizer" daemon [_thread_blocked, id=60515, stack(0x00007f09c2f1d000,0x00007f09c301e000)]
  0x00007f09bc058800 JavaThread "Signal Dispatcher" daemon [_thread_blocked, id=60516, stack(0x00007f09c28ac000,0x00007f09c29ad000)]
  0x00007f09bc05a800 JavaThread "C2 CompilerThread0" daemon [_thread_blocked, id=60517, stack(0x00007f09c27ab000,0x00007f09c28ac000)]
  0x00007f09bc05c800 JavaThread "C1 CompilerThread0" daemon [_thread_blocked, id=60518, stack(0x00007f09c26aa000,0x00007f09c27ab000)]
  0x00007f09bc05e800 JavaThread "Sweeper thread" daemon [_thread_blocked, id=60519, stack(0x00007f09c25a9000,0x00007f09c26aa000)]
  0x00007f09bc099800 JavaThread "Service Thread" daemon [_thread_blocked, id=60520, stack(0x00007f09c24a8000,0x00007f09c25a9000)]
  0x00007f09bc0a2800 JavaThread "Common-Cleaner" daemon [_thread_blocked, id=60522, stack(0x00007f09c22a5000,0x00007f09c23a6000)]
  0x00007f09bc1d7000 JavaThread "Java2D Disposer" daemon [_thread_blocked, id=60526, stack(0x00007f09c048b000,0x00007f09c058c000)]
  0x00007f09bc205000 JavaThread "AWT-XAWT" daemon [_thread_in_native, id=60527, stack(0x00007f09c0163000,0x00007f09c0264000)]
  0x00007f09bc27b800 JavaThread "AWT-Shutdown" [_thread_blocked, id=60528, stack(0x00007f09c0062000,0x00007f09c0163000)]
  0x00007f09bc27f800 JavaThread "AWT-EventQueue-0" [_thread_blocked, id=60529, stack(0x00007f09a400e000,0x00007f09a410f000)]
  0x00007f09bc015000 JavaThread "DestroyJavaVM" [_thread_blocked, id=60512, stack(0x00007f09c3f5d000,0x00007f09c405e000)]
  0x00007f0990001000 JavaThread "SIGTERM handler" daemon [_thread_blocked, id=69880, stack(0x00007f096f5ec000,0x00007f096f6ed000)]
  0x00007f0990002800 JavaThread "SIGHUP handler" daemon [_thread_blocked, id=69882, stack(0x00007f096f4eb000,0x00007f096f5ec000)]
=>0x00007f097c01a800 JavaThread "XToolkt-Shutdown-Thread" [_thread_in_vm, id=69888, stack(0x00007f09bbeff000,0x00007f09bc000000)]
  0x00007f0990004000 JavaThread "SIGTERM handler" daemon [_thread_blocked, id=69898, stack(0x00007f09bbdfe000,0x00007f09bbeff000)]

Other Threads:
  0x00007f09bc04d800 VMThread "VM Thread" [stack: 0x00007f09c3121000,0x00007f09c3221000] [id=60513]
  0x00007f09bc09b800 WatcherThread [stack: 0x00007f09c23a8000,0x00007f09c24a8000] [id=60521]

Threads with active compile tasks:

VM state:not at safepoint (normal execution)

VM Mutex/Monitor currently owned by a thread: None

Heap address: 0x00000000e4600000, size: 442 MB, Compressed Oops mode: 32-bit
Narrow klass base: 0x0000000800000000, Narrow klass shift: 3
Compressed class space size: 1073741824 Address: 0x0000000840000000

Heap:
 def new generation   total 8640K, used 6120K [0x00000000e4600000, 0x00000000e4f50000, 0x00000000ed950000)
  eden space 7744K,  67% used [0x00000000e4600000, 0x00000000e4b1a1f8, 0x00000000e4d90000)
  from space 896K, 100% used [0x00000000e4d90000, 0x00000000e4e70000, 0x00000000e4e70000)
  to   space 896K,   0% used [0x00000000e4e70000, 0x00000000e4e70000, 0x00000000e4f50000)
 tenured generation   total 19136K, used 3803K [0x00000000ed950000, 0x00000000eec00000, 0x0000000100000000)
   the space 19136K,  19% used [0x00000000ed950000, 0x00000000edd06d60, 0x00000000edd06e00, 0x00000000eec00000)
 Metaspace       used 12280K, capacity 12831K, committed 13184K, reserved 1060864K
  class space    used 1350K, capacity 1611K, committed 1664K, reserved 1048576K

Card table byte_map: [0x00007f09c3bfb000,0x00007f09c3cd9000] _byte_map_base: 0x00007f09c34d8000

Polling page: 0x00007f09c5775000

Metaspace:

Usage:
  Non-class:     10.96 MB capacity,    10.67 MB ( 97%) used,   227.76 KB (  2%) free+waste,    61.88 KB ( <1%) overhead. 
      Class:      1.57 MB capacity,     1.32 MB ( 84%) used,   226.74 KB ( 14%) free+waste,    33.75 KB (  2%) overhead. 
       Both:     12.53 MB capacity,    11.99 MB ( 96%) used,   454.50 KB (  4%) free+waste,    95.62 KB ( <1%) overhead. 

Virtual space:
  Non-class space:       12.00 MB reserved,      11.25 MB ( 94%) committed 
      Class space:        1.00 GB reserved,       1.62 MB ( <1%) committed 
             Both:        1.01 GB reserved,      12.88 MB (  1%) committed 

Chunk freelists:
   Non-Class:  56.00 KB
       Class:  21.00 KB
        Both:  77.00 KB

MaxMetaspaceSize: unlimited
CompressedClassSpaceSize: 1.00 GB

CodeHeap 'non-profiled nmethods': size=120036Kb used=579Kb max_used=579Kb free=119456Kb
 bounds [0x00007f09ac3d7000, 0x00007f09ac647000, 0x00007f09b3910000]
CodeHeap 'profiled nmethods': size=120032Kb used=3534Kb max_used=3548Kb free=116497Kb
 bounds [0x00007f09a4e9f000, 0x00007f09a521f000, 0x00007f09ac3d7000]
CodeHeap 'non-nmethods': size=5692Kb used=1268Kb max_used=1283Kb free=4423Kb
 bounds [0x00007f09a4910000, 0x00007f09a4b80000, 0x00007f09a4e9f000]
 total_blobs=2880 nmethods=1737 adapters=595
 compilation: enabled
              stopped_count=0, restarted_count=0
 full_count=0

Compilation events (20 events):
Event: 557.181 Thread 0x00007f09bc05c800 1866       3       java.lang.invoke.LambdaForm$MH/0x00000008400a9440::invoke (155 bytes)
Event: 557.183 Thread 0x00007f09bc05c800 nmethod 1866 0x00007f09a5218a10 code [0x00007f09a5218ca0, 0x00007f09a5219df8]
Event: 557.332 Thread 0x00007f09bc05c800 1867       3       javax.swing.SwingUtilities::computeUnion (149 bytes)
Event: 557.333 Thread 0x00007f09bc05c800 nmethod 1867 0x00007f09a5046490 code [0x00007f09a5046640, 0x00007f09a50468f0]
Event: 557.333 Thread 0x00007f09bc05a800 1868       4       java.awt.Component::getParent (5 bytes)
Event: 557.334 Thread 0x00007f09bc05a800 nmethod 1868 0x00007f09ac465490 code [0x00007f09ac465620, 0x00007f09ac465698]
Event: 557.521 Thread 0x00007f09bc05c800 1869       3       sun.awt.X11.XAtom::hashCode (15 bytes)
Event: 557.521 Thread 0x00007f09bc05c800 nmethod 1869 0x00007f09a4f99d90 code [0x00007f09a4f99f40, 0x00007f09a4f9a0d0]
Event: 557.522 Thread 0x00007f09bc05c800 1870   !   3       sun.java2d.SunGraphics2D::fillRect (74 bytes)
Event: 557.522 Thread 0x00007f09bc05c800 nmethod 1870 0x00007f09a521a210 code [0x00007f09a521a440, 0x00007f09a521ab68]
Event: 557.668 Thread 0x00007f09bc05a800 1871 %     4       java.lang.StringLatin1::inflate @ 3 (34 bytes)
Event: 557.680 Thread 0x00007f09bc05a800 nmethod 1871% 0x00007f09ac465710 code [0x00007f09ac4658c0, 0x00007f09ac465bd8]
Event: 557.680 Thread 0x00007f09bc05a800 1872       4       sun.awt.SunToolkit::isInstanceOf (71 bytes)
Event: 557.695 Thread 0x00007f09bc05a800 nmethod 1872 0x00007f09ac465d10 code [0x00007f09ac465f80, 0x00007f09ac466e00]
Event: 557.748 Thread 0x00007f09bc05c800 1873       3       java.awt.Component::hasFocus (16 bytes)
Event: 557.748 Thread 0x00007f09bc05c800 nmethod 1873 0x00007f09a521af10 code [0x00007f09a521b100, 0x00007f09a521b468]
Event: 558.146 Thread 0x00007f09bc05a800 1874       4       java.util.ArrayList::add (25 bytes)
Event: 558.150 Thread 0x00007f09bc05a800 nmethod 1874 0x00007f09ac467710 code [0x00007f09ac4678c0, 0x00007f09ac467be8]
Event: 606.976 Thread 0x00007f09bc05a800 1875   !   4       sun.awt.X11.XToolkit::callTimeoutTasks (220 bytes)
Event: 606.977 Thread 0x00007f09bc05a800 nmethod 1875 0x00007f09ac467d90 code [0x00007f09ac467f40, 0x00007f09ac467fe8]

GC Heap History (4 events):
Event: 0.742 GC heap before
{Heap before GC invocations=0 (full 0):
 def new generation   total 8640K, used 7744K [0x00000000e4600000, 0x00000000e4f50000, 0x00000000ed950000)
  eden space 7744K, 100% used [0x00000000e4600000, 0x00000000e4d90000, 0x00000000e4d90000)
  from space 896K,   0% used [0x00000000e4d90000, 0x00000000e4d90000, 0x00000000e4e70000)
  to   space 896K,   0% used [0x00000000e4e70000, 0x00000000e4e70000, 0x00000000e4f50000)
 tenured generation   total 19136K, used 0K [0x00000000ed950000, 0x00000000eec00000, 0x0000000100000000)
   the space 19136K,   0% used [0x00000000ed950000, 0x00000000ed950000, 0x00000000ed950200, 0x00000000eec00000)
 Metaspace       used 6385K, capacity 6717K, committed 6784K, reserved 1056768K
  class space    used 701K, capacity 874K, committed 896K, reserved 1048576K
}
Event: 0.755 GC heap after
{Heap after GC invocations=1 (full 0):
 def new generation   total 8640K, used 895K [0x00000000e4600000, 0x00000000e4f50000, 0x00000000ed950000)
  eden space 7744K,   0% used [0x00000000e4600000, 0x00000000e4600000, 0x00000000e4d90000)
  from space 896K,  99% used [0x00000000e4e70000, 0x00000000e4f4fff8, 0x00000000e4f50000)
  to   space 896K,   0% used [0x00000000e4d90000, 0x00000000e4d90000, 0x00000000e4e70000)
 tenured generation   total 19136K, used 1543K [0x00000000ed950000, 0x00000000eec00000, 0x0000000100000000)
   the space 19136K,   8% used [0x00000000ed950000, 0x00000000edad1c98, 0x00000000edad1e00, 0x00000000eec00000)
 Metaspace       used 6385K, capacity 6717K, committed 6784K, reserved 1056768K
  class space    used 701K, capacity 874K, committed 896K, reserved 1048576K
}
Event: 2.565 GC heap before
{Heap before GC invocations=1 (full 0):
 def new generation   total 8640K, used 8639K [0x00000000e4600000, 0x00000000e4f50000, 0x00000000ed950000)
  eden space 7744K, 100% used [0x00000000e4600000, 0x00000000e4d90000, 0x00000000e4d90000)
  from space 896K,  99% used [0x00000000e4e70000, 0x00000000e4f4fff8, 0x00000000e4f50000)
  to   space 896K,   0% used [0x00000000e4d90000, 0x00000000e4d90000, 0x00000000e4e70000)
 tenured generation   total 19136K, used 1543K [0x00000000ed950000, 0x00000000eec00000, 0x0000000100000000)
   the space 19136K,   8% used [0x00000000ed950000, 0x00000000edad1c98, 0x00000000edad1e00, 0x00000000eec00000)
 Metaspace       used 11285K, capacity 11824K, committed 12160K, reserved 1060864K
  class space    used 1310K, capacity 1573K, committed 1664K, reserved 1048576K
}
Event: 2.572 GC heap after
{Heap after GC invocations=2 (full 0):
 def new generation   total 8640K, used 896K [0x00000000e4600000, 0x00000000e4f50000, 0x00000000ed950000)
  eden space 7744K,   0% used [0x00000000e4600000, 0x00000000e4600000, 0x00000000e4d90000)
  from space 896K, 100% used [0x00000000e4d90000, 0x00000000e4e70000, 0x00000000e4e70000)
  to   space 896K,   0% used [0x00000000e4e70000, 0x00000000e4e70000, 0x00000000e4f50000)
 tenured generation   total 19136K, used 3803K [0x00000000ed950000, 0x00000000eec00000, 0x0000000100000000)
   the space 19136K,  19% used [0x00000000ed950000, 0x00000000edd06d60, 0x00000000edd06e00, 0x00000000eec00000)
 Metaspace       used 11285K, capacity 11824K, committed 12160K, reserved 1060864K
  class space    used 1310K, capacity 1573K, committed 1664K, reserved 1048576K
}

Deoptimization events (20 events):
Event: 1.254 Thread 0x00007f09bc015000 Uncommon trap: trap_request=0xffffffde fr.pc=0x00007f09ac3f0884 relative=0x0000000000000164
Event: 1.254 Thread 0x00007f09bc015000 Uncommon trap: reason=class_check action=maybe_recompile pc=0x00007f09ac3f0884 method=java.lang.String.equals(Ljava/lang/Object;)Z @ 8 c2
Event: 1.254 Thread 0x00007f09bc015000 DEOPT PACKING pc=0x00007f09ac3f0884 sp=0x00007f09c405bef0
Event: 1.254 Thread 0x00007f09bc015000 DEOPT UNPACKING pc=0x00007f09a493759f sp=0x00007f09c405beb8 mode 2
Event: 1.254 Thread 0x00007f09bc015000 Uncommon trap: trap_request=0xffffffde fr.pc=0x00007f09ac3f0884 relative=0x0000000000000164
Event: 1.254 Thread 0x00007f09bc015000 Uncommon trap: reason=class_check action=maybe_recompile pc=0x00007f09ac3f0884 method=java.lang.String.equals(Ljava/lang/Object;)Z @ 8 c2
Event: 1.254 Thread 0x00007f09bc015000 DEOPT PACKING pc=0x00007f09ac3f0884 sp=0x00007f09c405be80
Event: 1.254 Thread 0x00007f09bc015000 DEOPT UNPACKING pc=0x00007f09a493759f sp=0x00007f09c405be48 mode 2
Event: 1.260 Thread 0x00007f09bc015000 Uncommon trap: trap_request=0xffffffde fr.pc=0x00007f09ac3f0884 relative=0x0000000000000164
Event: 1.260 Thread 0x00007f09bc015000 Uncommon trap: reason=class_check action=maybe_recompile pc=0x00007f09ac3f0884 method=java.lang.String.equals(Ljava/lang/Object;)Z @ 8 c2
Event: 1.260 Thread 0x00007f09bc015000 DEOPT PACKING pc=0x00007f09ac3f0884 sp=0x00007f09c405bef0
Event: 1.260 Thread 0x00007f09bc015000 DEOPT UNPACKING pc=0x00007f09a493759f sp=0x00007f09c405beb8 mode 2
Event: 2.576 Thread 0x00007f09bc27f800 Uncommon trap: trap_request=0xffffff4d fr.pc=0x00007f09ac417ddc relative=0x0000000000000d5c
Event: 2.576 Thread 0x00007f09bc27f800 Uncommon trap: reason=unstable_if action=reinterpret pc=0x00007f09ac417ddc method=java.lang.ref.ReferenceQueue.poll()Ljava/lang/ref/Reference; @ 4 c2
Event: 2.576 Thread 0x00007f09bc27f800 DEOPT PACKING pc=0x00007f09ac417ddc sp=0x00007f09a4108c80
Event: 2.576 Thread 0x00007f09bc27f800 DEOPT UNPACKING pc=0x00007f09a493759f sp=0x00007f09a4108b08 mode 2
Event: 4.711 Thread 0x00007f09740da000 Uncommon trap: trap_request=0xffffff4d fr.pc=0x00007f09ac405180 relative=0x0000000000000300
Event: 4.711 Thread 0x00007f09740da000 Uncommon trap: reason=unstable_if action=reinterpret pc=0x00007f09ac405180 method=jdk.internal.org.objectweb.asm.Type.getArgumentsAndReturnSizes(Ljava/lang/String;)I @ 88 c2
Event: 4.711 Thread 0x00007f09740da000 DEOPT PACKING pc=0x00007f09ac405180 sp=0x00007f096f6ea780
Event: 4.711 Thread 0x00007f09740da000 DEOPT UNPACKING pc=0x00007f09a493759f sp=0x00007f096f6ea728 mode 2

Classes redefined (0 events):
No events

Internal exceptions (20 events):
Event: 0.532 Thread 0x00007f09bc015000 Exception <a 'java/lang/NoSuchMethodError'{0x00000000e4b5e038}: 'java.lang.Object java.lang.invoke.DirectMethodHandle$Holder.invokeStatic(java.lang.Object, int, java.lang.Object, java.lang.Object, java.lang.Object)'> (0x00000000e4b5e038) thrown at [/build
Event: 0.532 Thread 0x00007f09bc015000 Exception <a 'java/lang/NoSuchMethodError'{0x00000000e4b61b80}: 'java.lang.Object java.lang.invoke.DirectMethodHandle$Holder.invokeSpecial(java.lang.Object, java.lang.Object, int, java.lang.Object, java.lang.Object, java.lang.Object)'> (0x00000000e4b61b80
Event: 0.536 Thread 0x00007f09bc015000 Exception <a 'java/lang/NoSuchMethodError'{0x00000000e4b79718}: 'java.lang.Object java.lang.invoke.DirectMethodHandle$Holder.invokeStatic(java.lang.Object, int, java.lang.Object)'> (0x00000000e4b79718) thrown at [/build/openjdk-lts-8qwrHH/openjdk-lts-11.0
Event: 0.590 Thread 0x00007f09bc015000 Exception <a 'java/lang/NoSuchMethodError'{0x00000000e4c6b770}: 'java.lang.Object java.lang.invoke.Invokers$Holder.linkToTargetMethod(java.lang.Object, int, java.lang.Object)'> (0x00000000e4c6b770) thrown at [/build/openjdk-lts-8qwrHH/openjdk-lts-11.0.6+1
Event: 0.600 Thread 0x00007f09bc015000 Exception <a 'java/lang/ClassNotFoundException'{0x00000000e4c73cb0}: com/sun/swing/internal/plaf/metal/resources/spi/metalProvider> (0x00000000e4c73cb0) thrown at [/build/openjdk-lts-8qwrHH/openjdk-lts-11.0.6+10/src/hotspot/share/classfile/systemDictionar
Event: 0.601 Thread 0x00007f09bc015000 Exception <a 'java/lang/ClassNotFoundException'{0x00000000e4c78090}: com/sun/swing/internal/plaf/basic/resources/spi/basicProvider> (0x00000000e4c78090) thrown at [/build/openjdk-lts-8qwrHH/openjdk-lts-11.0.6+10/src/hotspot/share/classfile/systemDictionar
Event: 0.635 Thread 0x00007f09bc015000 Exception <a 'java/lang/NoSuchMethodError'{0x00000000e4ceb2b0}: 'void java.lang.invoke.DirectMethodHandle$Holder.invokeStaticInit(java.lang.Object)'> (0x00000000e4ceb2b0) thrown at [/build/openjdk-lts-8qwrHH/openjdk-lts-11.0.6+10/src/hotspot/share/interpr
Event: 0.658 Thread 0x00007f09bc015000 Exception <a 'java/lang/NoSuchMethodError'{0x00000000e4d27cb8}: 'java.lang.Object java.lang.invoke.DirectMethodHandle$Holder.invokeStatic(java.lang.Object, java.lang.Object, java.lang.Object, java.lang.Object, java.lang.Object, java.lang.Object, java.lang
Event: 0.659 Thread 0x00007f09bc015000 Exception <a 'java/lang/NoSuchMethodError'{0x00000000e4d346b0}: 'java.lang.Object java.lang.invoke.DirectMethodHandle$Holder.invokeStatic(java.lang.Object, java.lang.Object, java.lang.Object, java.lang.Object, java.lang.Object, java.lang.Object, java.lang
Event: 1.027 Thread 0x00007f09bc015000 Exception <a 'java/lang/NoSuchMethodError'{0x00000000e48a5ba0}: 'java.lang.Object java.lang.invoke.DirectMethodHandle$Holder.invokeSpecial(java.lang.Object, java.lang.Object, int, int, java.lang.Object, java.lang.Object, java.lang.Object, java.lang.Object
Event: 1.027 Thread 0x00007f09bc015000 Exception <a 'java/lang/NoSuchMethodError'{0x00000000e48a9830}: 'java.lang.Object java.lang.invoke.DelegatingMethodHandle$Holder.reinvoke_L(java.lang.Object, int, int, java.lang.Object, java.lang.Object, java.lang.Object, java.lang.Object, java.lang.Objec
Event: 1.071 Thread 0x00007f09bc015000 Exception <a 'java/lang/NoSuchMethodError'{0x00000000e4946c00}: 'java.lang.Object java.lang.invoke.Invokers$Holder.linkToTargetMethod(java.lang.Object, java.lang.Object, java.lang.Object, java.lang.Object, java.lang.Object, java.lang.Object)'> (0x00000000
Event: 1.093 Thread 0x00007f09bc015000 Exception <a 'java/lang/NoSuchMethodError'{0x00000000e49b38f8}: 'java.lang.Object java.lang.invoke.DirectMethodHandle$Holder.invokeSpecial(java.lang.Object, java.lang.Object, int, int, java.lang.Object, java.lang.Object, java.lang.Object, java.lang.Object
Event: 1.094 Thread 0x00007f09bc015000 Exception <a 'java/lang/NoSuchMethodError'{0x00000000e49b72d8}: 'java.lang.Object java.lang.invoke.DelegatingMethodHandle$Holder.reinvoke_L(java.lang.Object, int, int, java.lang.Object, java.lang.Object, java.lang.Object, java.lang.Object)'> (0x00000000e4
Event: 1.160 Thread 0x00007f09bc015000 Exception <a 'java/lang/NoSuchMethodError'{0x00000000e4b2bb30}: 'java.lang.Object java.lang.invoke.DirectMethodHandle$Holder.invokeStatic(java.lang.Object, java.lang.Object, java.lang.Object, java.lang.Object, java.lang.Object, java.lang.Object, java.lang
Event: 1.161 Thread 0x00007f09bc015000 Exception <a 'java/lang/NoSuchMethodError'{0x00000000e4b49a58}: 'java.lang.Object java.lang.invoke.DirectMethodHandle$Holder.invokeStatic(java.lang.Object, java.lang.Object, java.lang.Object, java.lang.Object, java.lang.Object, java.lang.Object, java.lang
Event: 1.162 Thread 0x00007f09bc015000 Exception <a 'java/lang/NoSuchMethodError'{0x00000000e4b687a0}: 'java.lang.Object java.lang.invoke.DirectMethodHandle$Holder.invokeStatic(java.lang.Object, java.lang.Object, java.lang.Object, java.lang.Object, java.lang.Object, java.lang.Object, java.lang
Event: 1.162 Thread 0x00007f09bc015000 Exception <a 'java/lang/NoSuchMethodError'{0x00000000e4b88830}: 'java.lang.Object java.lang.invoke.DirectMethodHandle$Holder.invokeStatic(java.lang.Object, java.lang.Object, java.lang.Object, java.lang.Object, java.lang.Object, java.lang.Object, java.lang
Event: 1.243 Thread 0x00007f09bc015000 Exception <a 'java/lang/NoSuchMethodError'{0x00000000e4c61178}: 'java.lang.Object java.lang.invoke.DirectMethodHandle$Holder.invokeStatic(java.lang.Object, java.lang.Object, java.lang.Object, java.lang.Object, java.lang.Object, java.lang.Object, java.lang
Event: 1.246 Thread 0x00007f09bc015000 Exception <a 'java/lang/NoSuchMethodError'{0x00000000e4c7d9e0}: 'java.lang.Object java.lang.invoke.DirectMethodHandle$Holder.invokeStatic(java.lang.Object, java.lang.Object, java.lang.Object, java.lang.Object, java.lang.Object, java.lang.Object, java.lang

Events (20 events):
Event: 606.979 Thread 0x00007f09bc05e800 flushing nmethod 0x00007f09a505f610
Event: 768.947 loading class jdk/internal/misc/Signal$1
Event: 768.978 loading class jdk/internal/misc/Signal$1 done
Event: 769.010 Thread 0x00007f0990001000 Thread added: 0x00007f0990001000
Event: 769.010 Protecting memory [0x00007f096f5ec000,0x00007f096f5f0000] with protection modes 0
Event: 769.010 Thread 0x00007f0990002800 Thread added: 0x00007f0990002800
Event: 769.010 Protecting memory [0x00007f096f4eb000,0x00007f096f4ef000] with protection modes 0
Event: 769.012 Executing VM operation: RevokeBias
Event: 769.012 Executing coalesced safepoint VM operation: RevokeBias
Event: 769.012 Executing coalesced safepoint VM operation: RevokeBias done
Event: 769.012 Executing VM operation: RevokeBias done
Event: 769.015 Executing VM operation: RevokeBias
Event: 769.015 Executing coalesced safepoint VM operation: RevokeBias
Event: 769.015 Executing coalesced safepoint VM operation: RevokeBias done
Event: 769.015 Executing VM operation: RevokeBias done
Event: 769.017 Thread 0x00007f097c01a800 Thread added: 0x00007f097c01a800
Event: 769.031 Protecting memory [0x00007f09bbeff000,0x00007f09bbf03000] with protection modes 0
Event: 769.044 loading class sun/awt/X11/XSystemTrayPeer
Event: 769.046 Thread 0x00007f0990004000 Thread added: 0x00007f0990004000
Event: 769.046 Protecting memory [0x00007f09bbdfe000,0x00007f09bbe02000] with protection modes 0


Dynamic libraries:
e4600000-e4f50000 rw-p 00000000 00:00 0 
e4f50000-ed950000 ---p 00000000 00:00 0 
ed950000-eec00000 rw-p 00000000 00:00 0 
eec00000-100000000 ---p 00000000 00:00 0 
800000000-800002000 rwxp 00001000 fd:02 18153089                         /usr/lib/jvm/java-11-openjdk-amd64/lib/server/classes.jsa
800002000-8003b8000 rw-p 00003000 fd:02 18153089                         /usr/lib/jvm/java-11-openjdk-amd64/lib/server/classes.jsa
8003b8000-800a7e000 r--p 003b9000 fd:02 18153089                         /usr/lib/jvm/java-11-openjdk-amd64/lib/server/classes.jsa
800a7e000-800a7f000 rw-p 00a7f000 fd:02 18153089                         /usr/lib/jvm/java-11-openjdk-amd64/lib/server/classes.jsa
800a7f000-80108b000 r--p 00a80000 fd:02 18153089                         /usr/lib/jvm/java-11-openjdk-amd64/lib/server/classes.jsa
840000000-8401a0000 rw-p 00000000 00:00 0 
8401a0000-880000000 ---p 00000000 00:00 0 
55c1714d2000-55c1714d3000 r--p 00000000 fd:02 51103977                   /usr/lib/jvm/java-11-openjdk-amd64/bin/java
55c1714d3000-55c1714d4000 r-xp 00001000 fd:02 51103977                   /usr/lib/jvm/java-11-openjdk-amd64/bin/java
55c1714d4000-55c1714d5000 r--p 00002000 fd:02 51103977                   /usr/lib/jvm/java-11-openjdk-amd64/bin/java
55c1714d5000-55c1714d6000 r--p 00002000 fd:02 51103977                   /usr/lib/jvm/java-11-openjdk-amd64/bin/java
55c1714d6000-55c1714d7000 rw-p 00003000 fd:02 51103977                   /usr/lib/jvm/java-11-openjdk-amd64/bin/java
55c17322b000-55c17326d000 rw-p 00000000 00:00 0                          [heap]
7f0968000000-7f0968021000 rw-p 00000000 00:00 0 
7f0968021000-7f096c000000 ---p 00000000 00:00 0 
7f096f4eb000-7f096f4ef000 ---p 00000000 00:00 0 
7f096f4ef000-7f096f5ec000 rw-p 00000000 00:00 0 
7f096f5ec000-7f096f5f0000 ---p 00000000 00:00 0 
7f096f5f0000-7f096f82d000 rw-p 00000000 00:00 0 
7f096f82d000-7f096f8ed000 ---p 00000000 00:00 0 
7f096f8ed000-7f096faed000 rw-p 00000000 00:00 0 
7f096faed000-7f096faf0000 r-xp 00000000 fd:02 35463085                   /lib/x86_64-linux-gnu/libnss_mdns4_minimal.so.2
7f096faf0000-7f096fcef000 ---p 00003000 fd:02 35463085                   /lib/x86_64-linux-gnu/libnss_mdns4_minimal.so.2
7f096fcef000-7f096fcf0000 r--p 00002000 fd:02 35463085                   /lib/x86_64-linux-gnu/libnss_mdns4_minimal.so.2
7f096fcf0000-7f096fcf1000 rw-p 00003000 fd:02 35463085                   /lib/x86_64-linux-gnu/libnss_mdns4_minimal.so.2
7f096fcf1000-7f096fe10000 rw-s 00000000 00:01 8486915                    /SYSV00000000 (deleted)
7f096fe10000-7f096fe1c000 r--p 00000000 fd:02 50366131                   /usr/lib/x86_64-linux-gnu/libfreetype.so.6.16.1
7f096fe1c000-7f096fe99000 r-xp 0000c000 fd:02 50366131                   /usr/lib/x86_64-linux-gnu/libfreetype.so.6.16.1
7f096fe99000-7f096fec3000 r--p 00089000 fd:02 50366131                   /usr/lib/x86_64-linux-gnu/libfreetype.so.6.16.1
7f096fec3000-7f096feca000 r--p 000b2000 fd:02 50366131                   /usr/lib/x86_64-linux-gnu/libfreetype.so.6.16.1
7f096feca000-7f096fecb000 rw-p 000b9000 fd:02 50366131                   /usr/lib/x86_64-linux-gnu/libfreetype.so.6.16.1
7f096fecb000-7f096fecf000 r--p 00000000 fd:02 17485237                   /usr/lib/jvm/java-11-openjdk-amd64/lib/libfontmanager.so
7f096fecf000-7f096ffba000 r-xp 00004000 fd:02 17485237                   /usr/lib/jvm/java-11-openjdk-amd64/lib/libfontmanager.so
7f096ffba000-7f096fffa000 r--p 000ef000 fd:02 17485237                   /usr/lib/jvm/java-11-openjdk-amd64/lib/libfontmanager.so
7f096fffa000-7f096fffb000 ---p 0012f000 fd:02 17485237                   /usr/lib/jvm/java-11-openjdk-amd64/lib/libfontmanager.so
7f096fffb000-7f096fffc000 r--p 0012f000 fd:02 17485237                   /usr/lib/jvm/java-11-openjdk-amd64/lib/libfontmanager.so
7f096fffc000-7f096fffd000 rw-p 00130000 fd:02 17485237                   /usr/lib/jvm/java-11-openjdk-amd64/lib/libfontmanager.so
7f096fffd000-7f0970000000 rw-p 00000000 00:00 0 
7f0970000000-7f0970021000 rw-p 00000000 00:00 0 
7f0970021000-7f0974000000 ---p 00000000 00:00 0 
7f0974000000-7f09741b1000 rw-p 00000000 00:00 0 
7f09741b1000-7f0978000000 ---p 00000000 00:00 0 
7f0978000000-7f0978021000 rw-p 00000000 00:00 0 
7f0978021000-7f097c000000 ---p 00000000 00:00 0 
7f097c000000-7f097c024000 rw-p 00000000 00:00 0 
7f097c024000-7f0980000000 ---p 00000000 00:00 0 
7f0980000000-7f0980021000 rw-p 00000000 00:00 0 
7f0980021000-7f0984000000 ---p 00000000 00:00 0 
7f0984000000-7f0984021000 rw-p 00000000 00:00 0 
7f0984021000-7f0988000000 ---p 00000000 00:00 0 
7f0988000000-7f098873a000 rw-p 00000000 00:00 0 
7f098873a000-7f098c000000 ---p 00000000 00:00 0 
7f098c000000-7f098c021000 rw-p 00000000 00:00 0 
7f098c021000-7f0990000000 ---p 00000000 00:00 0 
7f0990000000-7f0990021000 rw-p 00000000 00:00 0 
7f0990021000-7f0994000000 ---p 00000000 00:00 0 
7f0994000000-7f09945e7000 rw-p 00000000 00:00 0 
7f09945e7000-7f0998000000 ---p 00000000 00:00 0 
7f0998000000-7f0998021000 rw-p 00000000 00:00 0 
7f0998021000-7f099c000000 ---p 00000000 00:00 0 
7f099c000000-7f099c021000 rw-p 00000000 00:00 0 
7f099c021000-7f09a0000000 ---p 00000000 00:00 0 
7f09a0000000-7f09a0021000 rw-p 00000000 00:00 0 
7f09a0021000-7f09a4000000 ---p 00000000 00:00 0 
7f09a400e000-7f09a4012000 ---p 00000000 00:00 0 
7f09a4012000-7f09a410f000 rw-p 00000000 00:00 0 
7f09a410f000-7f09a4110000 ---p 00000000 00:00 0 
7f09a4110000-7f09a4910000 rw-p 00000000 00:00 0 
7f09a4910000-7f09a4b80000 rwxp 00000000 00:00 0 
7f09a4b80000-7f09a4e9f000 ---p 00000000 00:00 0 
7f09a4e9f000-7f09a521f000 rwxp 00000000 00:00 0 
7f09a521f000-7f09ac3d7000 ---p 00000000 00:00 0 
7f09ac3d7000-7f09ac647000 rwxp 00000000 00:00 0 
7f09ac647000-7f09b3910000 ---p 00000000 00:00 0 
7f09bbdfe000-7f09bbe02000 ---p 00000000 00:00 0 
7f09bbe02000-7f09bbeff000 rw-p 00000000 00:00 0 
7f09bbeff000-7f09bbf03000 ---p 00000000 00:00 0 
7f09bbf03000-7f09bc000000 rw-p 00000000 00:00 0 
7f09bc000000-7f09bc33b000 rw-p 00000000 00:00 0 
7f09bc33b000-7f09c0000000 ---p 00000000 00:00 0 
7f09c0021000-7f09c0023000 r--p 00000000 fd:02 33651007                   /lib/x86_64-linux-gnu/libnss_dns-2.30.so
7f09c0023000-7f09c0027000 r-xp 00002000 fd:02 33651007                   /lib/x86_64-linux-gnu/libnss_dns-2.30.so
7f09c0027000-7f09c0028000 r--p 00006000 fd:02 33651007                   /lib/x86_64-linux-gnu/libnss_dns-2.30.so
7f09c0028000-7f09c0029000 r--p 00006000 fd:02 33651007                   /lib/x86_64-linux-gnu/libnss_dns-2.30.so
7f09c0029000-7f09c002a000 rw-p 00007000 fd:02 33651007                   /lib/x86_64-linux-gnu/libnss_dns-2.30.so
7f09c002a000-7f09c002f000 r--p 00000000 fd:02 50366123                   /usr/lib/x86_64-linux-gnu/libpng16.so.16.37.0
7f09c002f000-7f09c0054000 r-xp 00005000 fd:02 50366123                   /usr/lib/x86_64-linux-gnu/libpng16.so.16.37.0
7f09c0054000-7f09c0060000 r--p 0002a000 fd:02 50366123                   /usr/lib/x86_64-linux-gnu/libpng16.so.16.37.0
7f09c0060000-7f09c0061000 r--p 00035000 fd:02 50366123                   /usr/lib/x86_64-linux-gnu/libpng16.so.16.37.0
7f09c0061000-7f09c0062000 rw-p 00036000 fd:02 50366123                   /usr/lib/x86_64-linux-gnu/libpng16.so.16.37.0
7f09c0062000-7f09c0066000 ---p 00000000 00:00 0 
7f09c0066000-7f09c0163000 rw-p 00000000 00:00 0 
7f09c0163000-7f09c0167000 ---p 00000000 00:00 0 
7f09c0167000-7f09c0264000 rw-p 00000000 00:00 0 
7f09c0264000-7f09c0269000 r-xp 00000000 fd:02 51530087                   /usr/lib/x86_64-linux-gnu/libXfixes.so.3.1.0
7f09c0269000-7f09c0468000 ---p 00005000 fd:02 51530087                   /usr/lib/x86_64-linux-gnu/libXfixes.so.3.1.0
7f09c0468000-7f09c0469000 r--p 00004000 fd:02 51530087                   /usr/lib/x86_64-linux-gnu/libXfixes.so.3.1.0
7f09c0469000-7f09c046a000 rw-p 00005000 fd:02 51530087                   /usr/lib/x86_64-linux-gnu/libXfixes.so.3.1.0
7f09c046a000-7f09c046d000 r--p 00000000 fd:02 51530081                   /usr/lib/x86_64-linux-gnu/libXcursor.so.1.0.2
7f09c046d000-7f09c0473000 r-xp 00003000 fd:02 51530081                   /usr/lib/x86_64-linux-gnu/libXcursor.so.1.0.2
7f09c0473000-7f09c0475000 r--p 00009000 fd:02 51530081                   /usr/lib/x86_64-linux-gnu/libXcursor.so.1.0.2
7f09c0475000-7f09c0476000 r--p 0000a000 fd:02 51530081                   /usr/lib/x86_64-linux-gnu/libXcursor.so.1.0.2
7f09c0476000-7f09c0477000 rw-p 0000b000 fd:02 51530081                   /usr/lib/x86_64-linux-gnu/libXcursor.so.1.0.2
7f09c048b000-7f09c048f000 ---p 00000000 00:00 0 
7f09c048f000-7f09c058c000 rw-p 00000000 00:00 0 
7f09c058c000-7f09c058d000 ---p 00000000 00:00 0 
7f09c058d000-7f09c0d8d000 rw-p 00000000 00:00 0 
7f09c0d8d000-7f09c0d8e000 ---p 00000000 00:00 0 
7f09c0d8e000-7f09c158e000 rw-p 00000000 00:00 0 
7f09c158e000-7f09c15cc000 r--p 00000000 fd:02 2441037                    /usr/share/glib-2.0/schemas/gschemas.compiled
7f09c15cc000-7f09c15ce000 r--p 00000000 fd:02 50369286                   /usr/lib/x86_64-linux-gnu/libpcre2-8.so.0.7.1
7f09c15ce000-7f09c162a000 r-xp 00002000 fd:02 50369286                   /usr/lib/x86_64-linux-gnu/libpcre2-8.so.0.7.1
7f09c162a000-7f09c164f000 r--p 0005e000 fd:02 50369286                   /usr/lib/x86_64-linux-gnu/libpcre2-8.so.0.7.1
7f09c164f000-7f09c1650000 r--p 00082000 fd:02 50369286                   /usr/lib/x86_64-linux-gnu/libpcre2-8.so.0.7.1
7f09c1650000-7f09c1651000 rw-p 00083000 fd:02 50369286                   /usr/lib/x86_64-linux-gnu/libpcre2-8.so.0.7.1
7f09c1651000-7f09c165b000 r--p 00000000 fd:02 33579464                   /lib/x86_64-linux-gnu/libblkid.so.1.1.0
7f09c165b000-7f09c1691000 r-xp 0000a000 fd:02 33579464                   /lib/x86_64-linux-gnu/libblkid.so.1.1.0
7f09c1691000-7f09c16a1000 r--p 00040000 fd:02 33579464                   /lib/x86_64-linux-gnu/libblkid.so.1.1.0
7f09c16a1000-7f09c16a2000 ---p 00050000 fd:02 33579464                   /lib/x86_64-linux-gnu/libblkid.so.1.1.0
7f09c16a2000-7f09c16a7000 r--p 00050000 fd:02 33579464                   /lib/x86_64-linux-gnu/libblkid.so.1.1.0
7f09c16a7000-7f09c16a8000 rw-p 00055000 fd:02 33579464                   /lib/x86_64-linux-gnu/libblkid.so.1.1.0
7f09c16a8000-7f09c16aa000 r--p 00000000 fd:02 50368413                   /usr/lib/x86_64-linux-gnu/libffi.so.6.0.4
7f09c16aa000-7f09c16af000 r-xp 00002000 fd:02 50368413                   /usr/lib/x86_64-linux-gnu/libffi.so.6.0.4
7f09c16af000-7f09c16b0000 r--p 00007000 fd:02 50368413                   /usr/lib/x86_64-linux-gnu/libffi.so.6.0.4
7f09c16b0000-7f09c16b1000 r--p 00007000 fd:02 50368413                   /usr/lib/x86_64-linux-gnu/libffi.so.6.0.4
7f09c16b1000-7f09c16b2000 rw-p 00008000 fd:02 50368413                   /usr/lib/x86_64-linux-gnu/libffi.so.6.0.4
7f09c16b2000-7f09c16b4000 r--p 00000000 fd:02 33579408                   /lib/x86_64-linux-gnu/libpcre.so.3.13.3
7f09c16b4000-7f09c1706000 r-xp 00002000 fd:02 33579408                   /lib/x86_64-linux-gnu/libpcre.so.3.13.3
7f09c1706000-7f09c1724000 r--p 00054000 fd:02 33579408                   /lib/x86_64-linux-gnu/libpcre.so.3.13.3
7f09c1724000-7f09c1725000 r--p 00071000 fd:02 33579408                   /lib/x86_64-linux-gnu/libpcre.so.3.13.3
7f09c1725000-7f09c1726000 rw-p 00072000 fd:02 33579408                   /lib/x86_64-linux-gnu/libpcre.so.3.13.3
7f09c1726000-7f09c172a000 r--p 00000000 fd:02 33651014                   /lib/x86_64-linux-gnu/libresolv-2.30.so
7f09c172a000-7f09c1739000 r-xp 00004000 fd:02 33651014                   /lib/x86_64-linux-gnu/libresolv-2.30.so
7f09c1739000-7f09c173c000 r--p 00013000 fd:02 33651014                   /lib/x86_64-linux-gnu/libresolv-2.30.so
7f09c173c000-7f09c173d000 ---p 00016000 fd:02 33651014                   /lib/x86_64-linux-gnu/libresolv-2.30.so
7f09c173d000-7f09c173e000 r--p 00016000 fd:02 33651014                   /lib/x86_64-linux-gnu/libresolv-2.30.so
7f09c173e000-7f09c173f000 rw-p 00017000 fd:02 33651014                   /lib/x86_64-linux-gnu/libresolv-2.30.so
7f09c173f000-7f09c1741000 rw-p 00000000 00:00 0 
7f09c1741000-7f09c1747000 r--p 00000000 fd:02 33967084                   /lib/x86_64-linux-gnu/libselinux.so.1
7f09c1747000-7f09c1760000 r-xp 00006000 fd:02 33967084                   /lib/x86_64-linux-gnu/libselinux.so.1
7f09c1760000-7f09c1767000 r--p 0001f000 fd:02 33967084                   /lib/x86_64-linux-gnu/libselinux.so.1
7f09c1767000-7f09c1768000 ---p 00026000 fd:02 33967084                   /lib/x86_64-linux-gnu/libselinux.so.1
7f09c1768000-7f09c1769000 r--p 00026000 fd:02 33967084                   /lib/x86_64-linux-gnu/libselinux.so.1
7f09c1769000-7f09c176a000 rw-p 00027000 fd:02 33967084                   /lib/x86_64-linux-gnu/libselinux.so.1
7f09c176a000-7f09c176c000 rw-p 00000000 00:00 0 
7f09c176c000-7f09c1777000 r--p 00000000 fd:02 33579469                   /lib/x86_64-linux-gnu/libmount.so.1.1.0
7f09c1777000-7f09c17b5000 r-xp 0000b000 fd:02 33579469                   /lib/x86_64-linux-gnu/libmount.so.1.1.0
7f09c17b5000-7f09c17c8000 r--p 00049000 fd:02 33579469                   /lib/x86_64-linux-gnu/libmount.so.1.1.0
7f09c17c8000-7f09c17cb000 r--p 0005b000 fd:02 33579469                   /lib/x86_64-linux-gnu/libmount.so.1.1.0
7f09c17cb000-7f09c17cc000 rw-p 0005e000 fd:02 33579469                   /lib/x86_64-linux-gnu/libmount.so.1.1.0
7f09c17cc000-7f09c17cd000 r--p 00000000 fd:02 50391268                   /usr/lib/x86_64-linux-gnu/libgmodule-2.0.so.0.6200.4
7f09c17cd000-7f09c17cf000 r-xp 00001000 fd:02 50391268                   /usr/lib/x86_64-linux-gnu/libgmodule-2.0.so.0.6200.4
7f09c17cf000-7f09c17d0000 r--p 00003000 fd:02 50391268                   /usr/lib/x86_64-linux-gnu/libgmodule-2.0.so.0.6200.4
7f09c17d0000-7f09c17d1000 r--p 00003000 fd:02 50391268                   /usr/lib/x86_64-linux-gnu/libgmodule-2.0.so.0.6200.4
7f09c17d1000-7f09c17d2000 rw-p 00004000 fd:02 50391268                   /usr/lib/x86_64-linux-gnu/libgmodule-2.0.so.0.6200.4
7f09c17d2000-7f09c17e0000 r--p 00000000 fd:02 50391270                   /usr/lib/x86_64-linux-gnu/libgobject-2.0.so.0.6200.4
7f09c17e0000-7f09c1813000 r-xp 0000e000 fd:02 50391270                   /usr/lib/x86_64-linux-gnu/libgobject-2.0.so.0.6200.4
7f09c1813000-7f09c182b000 r--p 00041000 fd:02 50391270                   /usr/lib/x86_64-linux-gnu/libgobject-2.0.so.0.6200.4
7f09c182b000-7f09c182e000 r--p 00058000 fd:02 50391270                   /usr/lib/x86_64-linux-gnu/libgobject-2.0.so.0.6200.4
7f09c182e000-7f09c182f000 rw-p 0005b000 fd:02 50391270                   /usr/lib/x86_64-linux-gnu/libgobject-2.0.so.0.6200.4
7f09c182f000-7f09c184b000 r--p 00000000 fd:02 50391266                   /usr/lib/x86_64-linux-gnu/libglib-2.0.so.0.6200.4
7f09c184b000-7f09c18ce000 r-xp 0001c000 fd:02 50391266                   /usr/lib/x86_64-linux-gnu/libglib-2.0.so.0.6200.4
7f09c18ce000-7f09c1953000 r--p 0009f000 fd:02 50391266                   /usr/lib/x86_64-linux-gnu/libglib-2.0.so.0.6200.4
7f09c1953000-7f09c1954000 ---p 00124000 fd:02 50391266                   /usr/lib/x86_64-linux-gnu/libglib-2.0.so.0.6200.4
7f09c1954000-7f09c1955000 r--p 00124000 fd:02 50391266                   /usr/lib/x86_64-linux-gnu/libglib-2.0.so.0.6200.4
7f09c1955000-7f09c1956000 rw-p 00125000 fd:02 50391266                   /usr/lib/x86_64-linux-gnu/libglib-2.0.so.0.6200.4
7f09c1956000-7f09c1957000 rw-p 00000000 00:00 0 
7f09c1957000-7f09c198e000 r--p 00000000 fd:02 50391254                   /usr/lib/x86_64-linux-gnu/libgio-2.0.so.0.6200.4
7f09c198e000-7f09c1a9e000 r-xp 00037000 fd:02 50391254                   /usr/lib/x86_64-linux-gnu/libgio-2.0.so.0.6200.4
7f09c1a9e000-7f09c1b26000 r--p 00147000 fd:02 50391254                   /usr/lib/x86_64-linux-gnu/libgio-2.0.so.0.6200.4
7f09c1b26000-7f09c1b27000 ---p 001cf000 fd:02 50391254                   /usr/lib/x86_64-linux-gnu/libgio-2.0.so.0.6200.4
7f09c1b27000-7f09c1b2f000 r--p 001cf000 fd:02 50391254                   /usr/lib/x86_64-linux-gnu/libgio-2.0.so.0.6200.4
7f09c1b2f000-7f09c1b30000 rw-p 001d7000 fd:02 50391254                   /usr/lib/x86_64-linux-gnu/libgio-2.0.so.0.6200.4
7f09c1b30000-7f09c1b32000 rw-p 00000000 00:00 0 
7f09c1b32000-7f09c1b36000 r--p 00000000 fd:02 50368116                   /usr/lib/x86_64-linux-gnu/libbsd.so.0.10.0
7f09c1b36000-7f09c1b45000 r-xp 00004000 fd:02 50368116                   /usr/lib/x86_64-linux-gnu/libbsd.so.0.10.0
7f09c1b45000-7f09c1b48000 r--p 00013000 fd:02 50368116                   /usr/lib/x86_64-linux-gnu/libbsd.so.0.10.0
7f09c1b48000-7f09c1b49000 ---p 00016000 fd:02 50368116                   /usr/lib/x86_64-linux-gnu/libb